2022-04-11 10:46:50,861 [Worker-6: Loading available Gradle versions] INFO  o.e.b.c.i.u.g.PublishedGradleVersions - Gradle version information cache is up-to-date. Trying to read.
2022-04-11 11:16:55,246 [Worker-3: Loading available Gradle versions] INFO  o.e.b.c.i.u.g.PublishedGradleVersions - Gradle version information cache is up-to-date. Trying to read.
2022-04-13 09:03:08,227 [Worker-4: Loading available Gradle versions] INFO  o.e.b.c.i.u.g.PublishedGradleVersions - Gradle version information cache is out-of-date. Trying to update.
2022-04-15 09:00:24,491 [Worker-1: Loading available Gradle versions] INFO  o.e.b.c.i.u.g.PublishedGradleVersions - Gradle version information cache is out-of-date. Trying to update.
2022-04-20 08:58:07,994 [Worker-3: Loading available Gradle versions] INFO  o.e.b.c.i.u.g.PublishedGradleVersions - Gradle version information cache is up-to-date. Trying to read.
2022-04-20 09:07:26,535 [Worker-5: Loading available Gradle versions] INFO  o.e.b.c.i.u.g.PublishedGradleVersions - Gradle version information cache is up-to-date. Trying to read.
2022-04-21 08:43:35,382 [Worker-2: Loading available Gradle versions] INFO  o.e.b.c.i.u.g.PublishedGradleVersions - Gradle version information cache is up-to-date. Trying to read.
2022-04-22 09:00:47,599 [Worker-5: Loading available Gradle versions] INFO  o.e.b.c.i.u.g.PublishedGradleVersions - Gradle version information cache is out-of-date. Trying to update.
2022-04-22 14:54:39,291 [Worker-11: Loading available Gradle versions] INFO  o.e.b.c.i.u.g.PublishedGradleVersions - Gradle version information cache is up-to-date. Trying to read.
2022-04-25 08:50:18,620 [Worker-3: Loading available Gradle versions] INFO  o.e.b.c.i.u.g.PublishedGradleVersions - Gradle version information cache is out-of-date. Trying to update.
2022-05-09 09:06:11,973 [Worker-1: Loading available Gradle versions] INFO  o.e.b.c.i.u.g.PublishedGradleVersions - Gradle version information cache is up-to-date. Trying to read.
2022-05-09 13:08:59,889 [Start Help Server] INFO  org.eclipse.jetty.server.Server - jetty-10.0.6; built: 2021-06-29T15:28:56.259Z; git: 37e7731b4b142a882d73974ff3bec78d621bd674; jvm 11.0.14+8-LTS-263
2022-05-09 13:08:59,929 [Start Help Server] INFO  o.e.j.s.s.DefaultSessionIdManager - Session workerName=node0
2022-05-09 13:08:59,963 [Start Help Server] INFO  o.e.j.server.handler.ContextHandler - Started o.e.j.s.ServletContextHandler@c2b6a4a{/help,null,AVAILABLE}
2022-05-09 13:08:59,983 [Start Help Server] INFO  o.e.jetty.server.AbstractConnector - Started ServerConnector@446fd70e{HTTP/1.1, (http/1.1)}{127.0.0.1:55431}
2022-05-09 13:09:00,025 [Start Help Server] INFO  org.eclipse.jetty.server.Server - Started Server@10956148{STARTING}[10.0.6,sto=0] @14577203ms
2022-05-09 14:47:20,001 [Stop Help Server] INFO  org.eclipse.jetty.server.Server - Stopped Server@10956148{STOPPING}[10.0.6,sto=0]
2022-05-09 14:47:20,009 [Stop Help Server] INFO  o.e.jetty.server.AbstractConnector - Stopped ServerConnector@446fd70e{HTTP/1.1, (http/1.1)}{127.0.0.1:0}
2022-05-09 14:47:20,071 [Stop Help Server] INFO  o.e.j.server.handler.ContextHandler - Stopped o.e.j.s.ServletContextHandler@c2b6a4a{/help,null,STOPPED}
2022-05-10 09:01:16,701 [Worker-2: Loading available Gradle versions] INFO  o.e.b.c.i.u.g.PublishedGradleVersions - Gradle version information cache is up-to-date. Trying to read.
2022-05-17 09:01:46,884 [Worker-4: Loading available Gradle versions] INFO  o.e.b.c.i.u.g.PublishedGradleVersions - Gradle version information cache is out-of-date. Trying to update.
2022-05-17 14:26:15,221 [Worker-1: Loading available Gradle versions] INFO  o.e.b.c.i.u.g.PublishedGradleVersions - Gradle version information cache is up-to-date. Trying to read.
